<?xml version="1.0" encoding="UTF-8"?>
<testsuite xmlns:xsi="http://www.w3.org/2001/XMLSchema-instance" xsi:noNamespaceSchemaLocation="https://maven.apache.org/surefire/maven-surefire-plugin/xsd/surefire-test-report.xsd" name="com.somesh.sbmaven.SbmavenApplicationTests" time="2.769" tests="1" errors="0" skipped="0" failures="0">
  <properties>
    <property name="java.specification.version" value="17"/>
    <property name="sun.jnu.encoding" value="UTF-8"/>
    <property name="java.class.path" value="/Users/somalingeswarraokandula/IdeaProjects/javamaven/target/test-classes:/Users/somalingeswarraokandula/IdeaProjects/javamaven/target/classes:/Users/somalingeswarraokandula/.m2/repository/org/springframework/boot/spring-boot-starter-web/3.0.4/spring-boot-starter-web-3.0.4.jar:/Users/somalingeswarraokandula/.m2/repository/org/springframework/boot/spring-boot-starter/3.0.4/spring-boot-starter-3.0.4.jar:/Users/somalingeswarraokandula/.m2/repository/org/springframework/boot/spring-boot/3.0.4/spring-boot-3.0.4.jar:/Users/somalingeswarraokandula/.m2/repository/org/springframework/boot/spring-boot-autoconfigure/3.0.4/spring-boot-autoconfigure-3.0.4.jar:/Users/somalingeswarraokandula/.m2/repository/org/springframework/boot/spring-boot-starter-logging/3.0.4/spring-boot-starter-logging-3.0.4.jar:/Users/somalingeswarraokandula/.m2/repository/ch/qos/logback/logback-classic/1.4.5/logback-classic-1.4.5.jar:/Users/somalingeswarraokandula/.m2/repository/ch/qos/logback/logback-core/1.4.5/logback-core-1.4.5.jar:/Users/somalingeswarraokandula/.m2/repository/org/apache/logging/log4j/log4j-to-slf4j/2.19.0/log4j-to-slf4j-2.19.0.jar:/Users/somalingeswarraokandula/.m2/repository/org/apache/logging/log4j/log4j-api/2.19.0/log4j-api-2.19.0.jar:/Users/somalingeswarraokandula/.m2/repository/org/slf4j/jul-to-slf4j/2.0.6/jul-to-slf4j-2.0.6.jar:/Users/somalingeswarraokandula/.m2/repository/jakarta/annotation/jakarta.annotation-api/2.1.1/jakarta.annotation-api-2.1.1.jar:/Users/somalingeswarraokandula/.m2/repository/org/yaml/snakeyaml/1.33/snakeyaml-1.33.jar:/Users/somalingeswarraokandula/.m2/repository/org/springframework/boot/spring-boot-starter-json/3.0.4/spring-boot-starter-json-3.0.4.jar:/Users/somalingeswarraokandula/.m2/repository/com/fasterxml/jackson/core/jackson-databind/2.14.2/jackson-databind-2.14.2.jar:/Users/somalingeswarraokandula/.m2/repository/com/fasterxml/jackson/core/jackson-annotations/2.14.2/jackson-annotations-2.14.2.jar:/Users/somalingeswarraokandula/.m2/repository/com/fasterxml/jackson/core/jackson-core/2.14.2/jackson-core-2.14.2.jar:/Users/somalingeswarraokandula/.m2/repository/com/fasterxml/jackson/datatype/jackson-datatype-jdk8/2.14.2/jackson-datatype-jdk8-2.14.2.jar:/Users/somalingeswarraokandula/.m2/repository/com/fasterxml/jackson/datatype/jackson-datatype-jsr310/2.14.2/jackson-datatype-jsr310-2.14.2.jar:/Users/somalingeswarraokandula/.m2/repository/com/fasterxml/jackson/module/jackson-module-parameter-names/2.14.2/jackson-module-parameter-names-2.14.2.jar:/Users/somalingeswarraokandula/.m2/repository/org/springframework/boot/spring-boot-starter-tomcat/3.0.4/spring-boot-starter-tomcat-3.0.4.jar:/Users/somalingeswarraokandula/.m2/repository/org/apache/tomcat/embed/tomcat-embed-core/10.1.5/tomcat-embed-core-10.1.5.jar:/Users/somalingeswarraokandula/.m2/repository/org/apache/tomcat/embed/tomcat-embed-el/10.1.5/tomcat-embed-el-10.1.5.jar:/Users/somalingeswarraokandula/.m2/repository/org/apache/tomcat/embed/tomcat-embed-websocket/10.1.5/tomcat-embed-websocket-10.1.5.jar:/Users/somalingeswarraokandula/.m2/repository/org/springframework/spring-web/6.0.6/spring-web-6.0.6.jar:/Users/somalingeswarraokandula/.m2/repository/org/springframework/spring-beans/6.0.6/spring-beans-6.0.6.jar:/Users/somalingeswarraokandula/.m2/repository/io/micrometer/micrometer-observation/1.10.4/micrometer-observation-1.10.4.jar:/Users/somalingeswarraokandula/.m2/repository/io/micrometer/micrometer-commons/1.10.4/micrometer-commons-1.10.4.jar:/Users/somalingeswarraokandula/.m2/repository/org/springframework/spring-webmvc/6.0.6/spring-webmvc-6.0.6.jar:/Users/somalingeswarraokandula/.m2/repository/org/springframework/spring-aop/6.0.6/spring-aop-6.0.6.jar:/Users/somalingeswarraokandula/.m2/repository/org/springframework/spring-context/6.0.6/spring-context-6.0.6.jar:/Users/somalingeswarraokandula/.m2/repository/org/springframework/spring-expression/6.0.6/spring-expression-6.0.6.jar:/Users/somalingeswarraokandula/.m2/repository/org/apache/camel/springboot/camel-spring-boot-starter/4.0.0-M1/camel-spring-boot-starter-4.0.0-M1.jar:/Users/somalingeswarraokandula/.m2/repository/org/apache/camel/springboot/camel-spring-boot/4.0.0-M1/camel-spring-boot-4.0.0-M1.jar:/Users/somalingeswarraokandula/.m2/repository/org/apache/camel/camel-spring/4.0.0-M1/camel-spring-4.0.0-M1.jar:/Users/somalingeswarraokandula/.m2/repository/org/apache/camel/camel-management-api/4.0.0-M1/camel-management-api-4.0.0-M1.jar:/Users/somalingeswarraokandula/.m2/repository/org/springframework/spring-tx/6.0.6/spring-tx-6.0.6.jar:/Users/somalingeswarraokandula/.m2/repository/org/apache/camel/camel-spring-main/4.0.0-M1/camel-spring-main-4.0.0-M1.jar:/Users/somalingeswarraokandula/.m2/repository/org/apache/camel/camel-main/4.0.0-M1/camel-main-4.0.0-M1.jar:/Users/somalingeswarraokandula/.m2/repository/org/apache/camel/camel-base/4.0.0-M1/camel-base-4.0.0-M1.jar:/Users/somalingeswarraokandula/.m2/repository/org/apache/camel/camel-core-languages/4.0.0-M1/camel-core-languages-4.0.0-M1.jar:/Users/somalingeswarraokandula/.m2/repository/org/apache/camel/camel-util-json/4.0.0-M1/camel-util-json-4.0.0-M1.jar:/Users/somalingeswarraokandula/.m2/repository/org/apache/camel/camel-xml-jaxb-dsl/4.0.0-M1/camel-xml-jaxb-dsl-4.0.0-M1.jar:/Users/somalingeswarraokandula/.m2/repository/org/apache/camel/camel-xml-jaxb/4.0.0-M1/camel-xml-jaxb-4.0.0-M1.jar:/Users/somalingeswarraokandula/.m2/repository/com/sun/xml/bind/jaxb-core/4.0.2/jaxb-core-4.0.2.jar:/Users/somalingeswarraokandula/.m2/repository/org/eclipse/angus/angus-activation/2.0.0/angus-activation-2.0.0.jar:/Users/somalingeswarraokandula/.m2/repository/com/sun/xml/bind/jaxb-impl/4.0.2/jaxb-impl-4.0.2.jar:/Users/somalingeswarraokandula/.m2/repository/org/apache/camel/camel-dsl-support/4.0.0-M1/camel-dsl-support-4.0.0-M1.jar:/Users/somalingeswarraokandula/.m2/repository/org/apache/camel/camel-spring-xml/4.0.0-M1/camel-spring-xml-4.0.0-M1.jar:/Users/somalingeswarraokandula/.m2/repository/org/apache/camel/camel-core-xml/4.0.0-M1/camel-core-xml-4.0.0-M1.jar:/Users/somalingeswarraokandula/.m2/repository/org/apache/camel/camel-cloud/4.0.0-M1/camel-cloud-4.0.0-M1.jar:/Users/somalingeswarraokandula/.m2/repository/org/apache/camel/camel-core-model/4.0.0-M1/camel-core-model-4.0.0-M1.jar:/Users/somalingeswarraokandula/.m2/repository/org/apache/camel/camel-core-processor/4.0.0-M1/camel-core-processor-4.0.0-M1.jar:/Users/somalingeswarraokandula/.m2/repository/org/apache/camel/camel-cluster/4.0.0-M1/camel-cluster-4.0.0-M1.jar:/Users/somalingeswarraokandula/.m2/repository/org/apache/camel/camel-base-engine/4.0.0-M1/camel-base-engine-4.0.0-M1.jar:/Users/somalingeswarraokandula/.m2/repository/org/apache/camel/camel-health/4.0.0-M1/camel-health-4.0.0-M1.jar:/Users/somalingeswarraokandula/.m2/repository/org/apache/camel/springboot/camel-core-starter/4.0.0-M1/camel-core-starter-4.0.0-M1.jar:/Users/somalingeswarraokandula/.m2/repository/org/apache/camel/camel-core-engine/4.0.0-M1/camel-core-engine-4.0.0-M1.jar:/Users/somalingeswarraokandula/.m2/repository/org/apache/camel/camel-api/4.0.0-M1/camel-api-4.0.0-M1.jar:/Users/somalingeswarraokandula/.m2/repository/org/apache/camel/camel-core-reifier/4.0.0-M1/camel-core-reifier-4.0.0-M1.jar:/Users/somalingeswarraokandula/.m2/repository/org/apache/camel/camel-support/4.0.0-M1/camel-support-4.0.0-M1.jar:/Users/somalingeswarraokandula/.m2/repository/org/apache/camel/camel-util/4.0.0-M1/camel-util-4.0.0-M1.jar:/Users/somalingeswarraokandula/.m2/repository/org/apache/camel/springboot/camel-bean-starter/4.0.0-M1/camel-bean-starter-4.0.0-M1.jar:/Users/somalingeswarraokandula/.m2/repository/org/apache/camel/camel-bean/4.0.0-M1/camel-bean-4.0.0-M1.jar:/Users/somalingeswarraokandula/.m2/repository/org/apache/camel/springboot/camel-browse-starter/4.0.0-M1/camel-browse-starter-4.0.0-M1.jar:/Users/somalingeswarraokandula/.m2/repository/org/apache/camel/camel-browse/4.0.0-M1/camel-browse-4.0.0-M1.jar:/Users/somalingeswarraokandula/.m2/repository/org/apache/camel/springboot/camel-controlbus-starter/4.0.0-M1/camel-controlbus-starter-4.0.0-M1.jar:/Users/somalingeswarraokandula/.m2/repository/org/apache/camel/camel-controlbus/4.0.0-M1/camel-controlbus-4.0.0-M1.jar:/Users/somalingeswarraokandula/.m2/repository/org/apache/camel/springboot/camel-dataformat-starter/4.0.0-M1/camel-dataformat-starter-4.0.0-M1.jar:/Users/somalingeswarraokandula/.m2/repository/org/apache/camel/camel-dataformat/4.0.0-M1/camel-dataformat-4.0.0-M1.jar:/Users/somalingeswarraokandula/.m2/repository/org/apache/camel/springboot/camel-dataset-starter/4.0.0-M1/camel-dataset-starter-4.0.0-M1.jar:/Users/somalingeswarraokandula/.m2/repository/org/apache/camel/camel-dataset/4.0.0-M1/camel-dataset-4.0.0-M1.jar:/Users/somalingeswarraokandula/.m2/repository/org/apache/camel/springboot/camel-direct-starter/4.0.0-M1/camel-direct-starter-4.0.0-M1.jar:/Users/somalingeswarraokandula/.m2/repository/org/apache/camel/camel-direct/4.0.0-M1/camel-direct-4.0.0-M1.jar:/Users/somalingeswarraokandula/.m2/repository/org/apache/camel/springboot/camel-directvm-starter/4.0.0-M1/camel-directvm-starter-4.0.0-M1.jar:/Users/somalingeswarraokandula/.m2/repository/org/apache/camel/camel-directvm/4.0.0-M1/camel-directvm-4.0.0-M1.jar:/Users/somalingeswarraokandula/.m2/repository/org/apache/camel/springboot/camel-file-starter/4.0.0-M1/camel-file-starter-4.0.0-M1.jar:/Users/somalingeswarraokandula/.m2/repository/org/apache/camel/camel-file/4.0.0-M1/camel-file-4.0.0-M1.jar:/Users/somalingeswarraokandula/.m2/repository/org/apache/camel/springboot/camel-language-starter/4.0.0-M1/camel-language-starter-4.0.0-M1.jar:/Users/somalingeswarraokandula/.m2/repository/org/apache/camel/camel-language/4.0.0-M1/camel-language-4.0.0-M1.jar:/Users/somalingeswarraokandula/.m2/repository/org/apache/camel/springboot/camel-log-starter/4.0.0-M1/camel-log-starter-4.0.0-M1.jar:/Users/somalingeswarraokandula/.m2/repository/org/apache/camel/camel-log/4.0.0-M1/camel-log-4.0.0-M1.jar:/Users/somalingeswarraokandula/.m2/repository/org/apache/camel/springboot/camel-mock-starter/4.0.0-M1/camel-mock-starter-4.0.0-M1.jar:/Users/somalingeswarraokandula/.m2/repository/org/apache/camel/camel-mock/4.0.0-M1/camel-mock-4.0.0-M1.jar:/Users/somalingeswarraokandula/.m2/repository/org/apache/camel/springboot/camel-ref-starter/4.0.0-M1/camel-ref-starter-4.0.0-M1.jar:/Users/somalingeswarraokandula/.m2/repository/org/apache/camel/camel-ref/4.0.0-M1/camel-ref-4.0.0-M1.jar:/Users/somalingeswarraokandula/.m2/repository/org/apache/camel/springboot/camel-rest-starter/4.0.0-M1/camel-rest-starter-4.0.0-M1.jar:/Users/somalingeswarraokandula/.m2/repository/org/apache/camel/camel-rest/4.0.0-M1/camel-rest-4.0.0-M1.jar:/Users/somalingeswarraokandula/.m2/repository/org/apache/camel/camel-tooling-model/4.0.0-M1/camel-tooling-model-4.0.0-M1.jar:/Users/somalingeswarraokandula/.m2/repository/org/apache/camel/springboot/camel-saga-starter/4.0.0-M1/camel-saga-starter-4.0.0-M1.jar:/Users/somalingeswarraokandula/.m2/repository/org/apache/camel/camel-saga/4.0.0-M1/camel-saga-4.0.0-M1.jar:/Users/somalingeswarraokandula/.m2/repository/org/apache/camel/springboot/camel-scheduler-starter/4.0.0-M1/camel-scheduler-starter-4.0.0-M1.jar:/Users/somalingeswarraokandula/.m2/repository/org/apache/camel/camel-scheduler/4.0.0-M1/camel-scheduler-4.0.0-M1.jar:/Users/somalingeswarraokandula/.m2/repository/org/apache/camel/springboot/camel-seda-starter/4.0.0-M1/camel-seda-starter-4.0.0-M1.jar:/Users/somalingeswarraokandula/.m2/repository/org/apache/camel/camel-seda/4.0.0-M1/camel-seda-4.0.0-M1.jar:/Users/somalingeswarraokandula/.m2/repository/org/apache/camel/springboot/camel-stub-starter/4.0.0-M1/camel-stub-starter-4.0.0-M1.jar:/Users/somalingeswarraokandula/.m2/repository/org/apache/camel/camel-stub/4.0.0-M1/camel-stub-4.0.0-M1.jar:/Users/somalingeswarraokandula/.m2/repository/org/apache/camel/springboot/camel-timer-starter/4.0.0-M1/camel-timer-starter-4.0.0-M1.jar:/Users/somalingeswarraokandula/.m2/repository/org/apache/camel/camel-timer/4.0.0-M1/camel-timer-4.0.0-M1.jar:/Users/somalingeswarraokandula/.m2/repository/org/apache/camel/springboot/camel-validator-starter/4.0.0-M1/camel-validator-starter-4.0.0-M1.jar:/Users/somalingeswarraokandula/.m2/repository/org/apache/camel/camel-validator/4.0.0-M1/camel-validator-4.0.0-M1.jar:/Users/somalingeswarraokandula/.m2/repository/org/apache/camel/springboot/camel-vm-starter/4.0.0-M1/camel-vm-starter-4.0.0-M1.jar:/Users/somalingeswarraokandula/.m2/repository/org/apache/camel/camel-vm/4.0.0-M1/camel-vm-4.0.0-M1.jar:/Users/somalingeswarraokandula/.m2/repository/org/apache/camel/springboot/camel-xpath-starter/4.0.0-M1/camel-xpath-starter-4.0.0-M1.jar:/Users/somalingeswarraokandula/.m2/repository/org/apache/camel/camel-xpath/4.0.0-M1/camel-xpath-4.0.0-M1.jar:/Users/somalingeswarraokandula/.m2/repository/org/apache/camel/springboot/camel-xslt-starter/4.0.0-M1/camel-xslt-starter-4.0.0-M1.jar:/Users/somalingeswarraokandula/.m2/repository/org/apache/camel/camel-xslt/4.0.0-M1/camel-xslt-4.0.0-M1.jar:/Users/somalingeswarraokandula/.m2/repository/org/apache/camel/springboot/camel-xml-jaxp-starter/4.0.0-M1/camel-xml-jaxp-starter-4.0.0-M1.jar:/Users/somalingeswarraokandula/.m2/repository/org/apache/camel/camel-xml-jaxp/4.0.0-M1/camel-xml-jaxp-4.0.0-M1.jar:/Users/somalingeswarraokandula/.m2/repository/org/apache/camel/camel-xml-io-util/4.0.0-M1/camel-xml-io-util-4.0.0-M1.jar:/Users/somalingeswarraokandula/.m2/repository/org/projectlombok/lombok/1.18.26/lombok-1.18.26.jar:/Users/somalingeswarraokandula/.m2/repository/org/springframework/boot/spring-boot-starter-test/3.0.4/spring-boot-starter-test-3.0.4.jar:/Users/somalingeswarraokandula/.m2/repository/org/springframework/boot/spring-boot-test/3.0.4/spring-boot-test-3.0.4.jar:/Users/somalingeswarraokandula/.m2/repository/org/springframework/boot/spring-boot-test-autoconfigure/3.0.4/spring-boot-test-autoconfigure-3.0.4.jar:/Users/somalingeswarraokandula/.m2/repository/com/jayway/jsonpath/json-path/2.7.0/json-path-2.7.0.jar:/Users/somalingeswarraokandula/.m2/repository/net/minidev/json-smart/2.4.8/json-smart-2.4.8.jar:/Users/somalingeswarraokandula/.m2/repository/net/minidev/accessors-smart/2.4.8/accessors-smart-2.4.8.jar:/Users/somalingeswarraokandula/.m2/repository/org/ow2/asm/asm/9.1/asm-9.1.jar:/Users/somalingeswarraokandula/.m2/repository/org/slf4j/slf4j-api/2.0.6/slf4j-api-2.0.6.jar:/Users/somalingeswarraokandula/.m2/repository/jakarta/xml/bind/jakarta.xml.bind-api/4.0.0/jakarta.xml.bind-api-4.0.0.jar:/Users/somalingeswarraokandula/.m2/repository/jakarta/activation/jakarta.activation-api/2.1.1/jakarta.activation-api-2.1.1.jar:/Users/somalingeswarraokandula/.m2/repository/org/assertj/assertj-core/3.23.1/assertj-core-3.23.1.jar:/Users/somalingeswarraokandula/.m2/repository/net/bytebuddy/byte-buddy/1.12.23/byte-buddy-1.12.23.jar:/Users/somalingeswarraokandula/.m2/repository/org/hamcrest/hamcrest/2.2/hamcrest-2.2.jar:/Users/somalingeswarraokandula/.m2/repository/org/junit/jupiter/junit-jupiter/5.9.2/junit-jupiter-5.9.2.jar:/Users/somalingeswarraokandula/.m2/repository/org/junit/jupiter/junit-jupiter-api/5.9.2/junit-jupiter-api-5.9.2.jar:/Users/somalingeswarraokandula/.m2/repository/org/opentest4j/opentest4j/1.2.0/opentest4j-1.2.0.jar:/Users/somalingeswarraokandula/.m2/repository/org/junit/platform/junit-platform-commons/1.9.2/junit-platform-commons-1.9.2.jar:/Users/somalingeswarraokandula/.m2/repository/org/apiguardian/apiguardian-api/1.1.2/apiguardian-api-1.1.2.jar:/Users/somalingeswarraokandula/.m2/repository/org/junit/jupiter/junit-jupiter-params/5.9.2/junit-jupiter-params-5.9.2.jar:/Users/somalingeswarraokandula/.m2/repository/org/junit/jupiter/junit-jupiter-engine/5.9.2/junit-jupiter-engine-5.9.2.jar:/Users/somalingeswarraokandula/.m2/repository/org/junit/platform/junit-platform-engine/1.9.2/junit-platform-engine-1.9.2.jar:/Users/somalingeswarraokandula/.m2/repository/org/mockito/mockito-core/4.8.1/mockito-core-4.8.1.jar:/Users/somalingeswarraokandula/.m2/repository/net/bytebuddy/byte-buddy-agent/1.12.23/byte-buddy-agent-1.12.23.jar:/Users/somalingeswarraokandula/.m2/repository/org/objenesis/objenesis/3.2/objenesis-3.2.jar:/Users/somalingeswarraokandula/.m2/repository/org/mockito/mockito-junit-jupiter/4.8.1/mockito-junit-jupiter-4.8.1.jar:/Users/somalingeswarraokandula/.m2/repository/org/skyscreamer/jsonassert/1.5.1/jsonassert-1.5.1.jar:/Users/somalingeswarraokandula/.m2/repository/com/vaadin/external/google/android-json/0.0.20131108.vaadin1/android-json-0.0.20131108.vaadin1.jar:/Users/somalingeswarraokandula/.m2/repository/org/springframework/spring-core/6.0.6/spring-core-6.0.6.jar:/Users/somalingeswarraokandula/.m2/repository/org/springframework/spring-jcl/6.0.6/spring-jcl-6.0.6.jar:/Users/somalingeswarraokandula/.m2/repository/org/springframework/spring-test/6.0.6/spring-test-6.0.6.jar:/Users/somalingeswarraokandula/.m2/repository/org/xmlunit/xmlunit-core/2.9.1/xmlunit-core-2.9.1.jar:/Users/somalingeswarraokandula/.m2/repository/org/springframework/security/spring-security-test/6.0.2/spring-security-test-6.0.2.jar:/Users/somalingeswarraokandula/.m2/repository/org/springframework/security/spring-security-core/6.0.2/spring-security-core-6.0.2.jar:/Users/somalingeswarraokandula/.m2/repository/org/springframework/security/spring-security-crypto/6.0.2/spring-security-crypto-6.0.2.jar:/Users/somalingeswarraokandula/.m2/repository/org/springframework/security/spring-security-web/6.0.2/spring-security-web-6.0.2.jar:"/>
    <property name="java.vm.vendor" value="Homebrew"/>
    <property name="sun.arch.data.model" value="64"/>
    <property name="java.vendor.url" value="https://github.com/Homebrew/homebrew-core/issues"/>
    <property name="os.name" value="Mac OS X"/>
    <property name="java.vm.specification.version" value="17"/>
    <property name="sun.java.launcher" value="SUN_STANDARD"/>
    <property name="user.country" value="IN"/>
    <property name="sun.boot.library.path" value="/usr/local/Cellar/openjdk/17.0.2/libexec/openjdk.jdk/Contents/Home/lib"/>
    <property name="sun.java.command" value="/Users/somalingeswarraokandula/IdeaProjects/javamaven/target/surefire/surefirebooter10039951319836107388.jar /Users/somalingeswarraokandula/IdeaProjects/javamaven/target/surefire 2023-03-09T11-51-13_084-jvmRun1 surefire3261809220125214953tmp surefire_08524582437468935660tmp"/>
    <property name="http.nonProxyHosts" value="local|*.local|169.254/16|*.169.254/16"/>
    <property name="jdk.debug" value="release"/>
    <property name="surefire.test.class.path" value="/Users/somalingeswarraokandula/IdeaProjects/javamaven/target/test-classes:/Users/somalingeswarraokandula/IdeaProjects/javamaven/target/classes:/Users/somalingeswarraokandula/.m2/repository/org/springframework/boot/spring-boot-starter-web/3.0.4/spring-boot-starter-web-3.0.4.jar:/Users/somalingeswarraokandula/.m2/repository/org/springframework/boot/spring-boot-starter/3.0.4/spring-boot-starter-3.0.4.jar:/Users/somalingeswarraokandula/.m2/repository/org/springframework/boot/spring-boot/3.0.4/spring-boot-3.0.4.jar:/Users/somalingeswarraokandula/.m2/repository/org/springframework/boot/spring-boot-autoconfigure/3.0.4/spring-boot-autoconfigure-3.0.4.jar:/Users/somalingeswarraokandula/.m2/repository/org/springframework/boot/spring-boot-starter-logging/3.0.4/spring-boot-starter-logging-3.0.4.jar:/Users/somalingeswarraokandula/.m2/repository/ch/qos/logback/logback-classic/1.4.5/logback-classic-1.4.5.jar:/Users/somalingeswarraokandula/.m2/repository/ch/qos/logback/logback-core/1.4.5/logback-core-1.4.5.jar:/Users/somalingeswarraokandula/.m2/repository/org/apache/logging/log4j/log4j-to-slf4j/2.19.0/log4j-to-slf4j-2.19.0.jar:/Users/somalingeswarraokandula/.m2/repository/org/apache/logging/log4j/log4j-api/2.19.0/log4j-api-2.19.0.jar:/Users/somalingeswarraokandula/.m2/repository/org/slf4j/jul-to-slf4j/2.0.6/jul-to-slf4j-2.0.6.jar:/Users/somalingeswarraokandula/.m2/repository/jakarta/annotation/jakarta.annotation-api/2.1.1/jakarta.annotation-api-2.1.1.jar:/Users/somalingeswarraokandula/.m2/repository/org/yaml/snakeyaml/1.33/snakeyaml-1.33.jar:/Users/somalingeswarraokandula/.m2/repository/org/springframework/boot/spring-boot-starter-json/3.0.4/spring-boot-starter-json-3.0.4.jar:/Users/somalingeswarraokandula/.m2/repository/com/fasterxml/jackson/core/jackson-databind/2.14.2/jackson-databind-2.14.2.jar:/Users/somalingeswarraokandula/.m2/repository/com/fasterxml/jackson/core/jackson-annotations/2.14.2/jackson-annotations-2.14.2.jar:/Users/somalingeswarraokandula/.m2/repository/com/fasterxml/jackson/core/jackson-core/2.14.2/jackson-core-2.14.2.jar:/Users/somalingeswarraokandula/.m2/repository/com/fasterxml/jackson/datatype/jackson-datatype-jdk8/2.14.2/jackson-datatype-jdk8-2.14.2.jar:/Users/somalingeswarraokandula/.m2/repository/com/fasterxml/jackson/datatype/jackson-datatype-jsr310/2.14.2/jackson-datatype-jsr310-2.14.2.jar:/Users/somalingeswarraokandula/.m2/repository/com/fasterxml/jackson/module/jackson-module-parameter-names/2.14.2/jackson-module-parameter-names-2.14.2.jar:/Users/somalingeswarraokandula/.m2/repository/org/springframework/boot/spring-boot-starter-tomcat/3.0.4/spring-boot-starter-tomcat-3.0.4.jar:/Users/somalingeswarraokandula/.m2/repository/org/apache/tomcat/embed/tomcat-embed-core/10.1.5/tomcat-embed-core-10.1.5.jar:/Users/somalingeswarraokandula/.m2/repository/org/apache/tomcat/embed/tomcat-embed-el/10.1.5/tomcat-embed-el-10.1.5.jar:/Users/somalingeswarraokandula/.m2/repository/org/apache/tomcat/embed/tomcat-embed-websocket/10.1.5/tomcat-embed-websocket-10.1.5.jar:/Users/somalingeswarraokandula/.m2/repository/org/springframework/spring-web/6.0.6/spring-web-6.0.6.jar:/Users/somalingeswarraokandula/.m2/repository/org/springframework/spring-beans/6.0.6/spring-beans-6.0.6.jar:/Users/somalingeswarraokandula/.m2/repository/io/micrometer/micrometer-observation/1.10.4/micrometer-observation-1.10.4.jar:/Users/somalingeswarraokandula/.m2/repository/io/micrometer/micrometer-commons/1.10.4/micrometer-commons-1.10.4.jar:/Users/somalingeswarraokandula/.m2/repository/org/springframework/spring-webmvc/6.0.6/spring-webmvc-6.0.6.jar:/Users/somalingeswarraokandula/.m2/repository/org/springframework/spring-aop/6.0.6/spring-aop-6.0.6.jar:/Users/somalingeswarraokandula/.m2/repository/org/springframework/spring-context/6.0.6/spring-context-6.0.6.jar:/Users/somalingeswarraokandula/.m2/repository/org/springframework/spring-expression/6.0.6/spring-expression-6.0.6.jar:/Users/somalingeswarraokandula/.m2/repository/org/apache/camel/springboot/camel-spring-boot-starter/4.0.0-M1/camel-spring-boot-starter-4.0.0-M1.jar:/Users/somalingeswarraokandula/.m2/repository/org/apache/camel/springboot/camel-spring-boot/4.0.0-M1/camel-spring-boot-4.0.0-M1.jar:/Users/somalingeswarraokandula/.m2/repository/org/apache/camel/camel-spring/4.0.0-M1/camel-spring-4.0.0-M1.jar:/Users/somalingeswarraokandula/.m2/repository/org/apache/camel/camel-management-api/4.0.0-M1/camel-management-api-4.0.0-M1.jar:/Users/somalingeswarraokandula/.m2/repository/org/springframework/spring-tx/6.0.6/spring-tx-6.0.6.jar:/Users/somalingeswarraokandula/.m2/repository/org/apache/camel/camel-spring-main/4.0.0-M1/camel-spring-main-4.0.0-M1.jar:/Users/somalingeswarraokandula/.m2/repository/org/apache/camel/camel-main/4.0.0-M1/camel-main-4.0.0-M1.jar:/Users/somalingeswarraokandula/.m2/repository/org/apache/camel/camel-base/4.0.0-M1/camel-base-4.0.0-M1.jar:/Users/somalingeswarraokandula/.m2/repository/org/apache/camel/camel-core-languages/4.0.0-M1/camel-core-languages-4.0.0-M1.jar:/Users/somalingeswarraokandula/.m2/repository/org/apache/camel/camel-util-json/4.0.0-M1/camel-util-json-4.0.0-M1.jar:/Users/somalingeswarraokandula/.m2/repository/org/apache/camel/camel-xml-jaxb-dsl/4.0.0-M1/camel-xml-jaxb-dsl-4.0.0-M1.jar:/Users/somalingeswarraokandula/.m2/repository/org/apache/camel/camel-xml-jaxb/4.0.0-M1/camel-xml-jaxb-4.0.0-M1.jar:/Users/somalingeswarraokandula/.m2/repository/com/sun/xml/bind/jaxb-core/4.0.2/jaxb-core-4.0.2.jar:/Users/somalingeswarraokandula/.m2/repository/org/eclipse/angus/angus-activation/2.0.0/angus-activation-2.0.0.jar:/Users/somalingeswarraokandula/.m2/repository/com/sun/xml/bind/jaxb-impl/4.0.2/jaxb-impl-4.0.2.jar:/Users/somalingeswarraokandula/.m2/repository/org/apache/camel/camel-dsl-support/4.0.0-M1/camel-dsl-support-4.0.0-M1.jar:/Users/somalingeswarraokandula/.m2/repository/org/apache/camel/camel-spring-xml/4.0.0-M1/camel-spring-xml-4.0.0-M1.jar:/Users/somalingeswarraokandula/.m2/repository/org/apache/camel/camel-core-xml/4.0.0-M1/camel-core-xml-4.0.0-M1.jar:/Users/somalingeswarraokandula/.m2/repository/org/apache/camel/camel-cloud/4.0.0-M1/camel-cloud-4.0.0-M1.jar:/Users/somalingeswarraokandula/.m2/repository/org/apache/camel/camel-core-model/4.0.0-M1/camel-core-model-4.0.0-M1.jar:/Users/somalingeswarraokandula/.m2/repository/org/apache/camel/camel-core-processor/4.0.0-M1/camel-core-processor-4.0.0-M1.jar:/Users/somalingeswarraokandula/.m2/repository/org/apache/camel/camel-cluster/4.0.0-M1/camel-cluster-4.0.0-M1.jar:/Users/somalingeswarraokandula/.m2/repository/org/apache/camel/camel-base-engine/4.0.0-M1/camel-base-engine-4.0.0-M1.jar:/Users/somalingeswarraokandula/.m2/repository/org/apache/camel/camel-health/4.0.0-M1/camel-health-4.0.0-M1.jar:/Users/somalingeswarraokandula/.m2/repository/org/apache/camel/springboot/camel-core-starter/4.0.0-M1/camel-core-starter-4.0.0-M1.jar:/Users/somalingeswarraokandula/.m2/repository/org/apache/camel/camel-core-engine/4.0.0-M1/camel-core-engine-4.0.0-M1.jar:/Users/somalingeswarraokandula/.m2/repository/org/apache/camel/camel-api/4.0.0-M1/camel-api-4.0.0-M1.jar:/Users/somalingeswarraokandula/.m2/repository/org/apache/camel/camel-core-reifier/4.0.0-M1/camel-core-reifier-4.0.0-M1.jar:/Users/somalingeswarraokandula/.m2/repository/org/apache/camel/camel-support/4.0.0-M1/camel-support-4.0.0-M1.jar:/Users/somalingeswarraokandula/.m2/repository/org/apache/camel/camel-util/4.0.0-M1/camel-util-4.0.0-M1.jar:/Users/somalingeswarraokandula/.m2/repository/org/apache/camel/springboot/camel-bean-starter/4.0.0-M1/camel-bean-starter-4.0.0-M1.jar:/Users/somalingeswarraokandula/.m2/repository/org/apache/camel/camel-bean/4.0.0-M1/camel-bean-4.0.0-M1.jar:/Users/somalingeswarraokandula/.m2/repository/org/apache/camel/springboot/camel-browse-starter/4.0.0-M1/camel-browse-starter-4.0.0-M1.jar:/Users/somalingeswarraokandula/.m2/repository/org/apache/camel/camel-browse/4.0.0-M1/camel-browse-4.0.0-M1.jar:/Users/somalingeswarraokandula/.m2/repository/org/apache/camel/springboot/camel-controlbus-starter/4.0.0-M1/camel-controlbus-starter-4.0.0-M1.jar:/Users/somalingeswarraokandula/.m2/repository/org/apache/camel/camel-controlbus/4.0.0-M1/camel-controlbus-4.0.0-M1.jar:/Users/somalingeswarraokandula/.m2/repository/org/apache/camel/springboot/camel-dataformat-starter/4.0.0-M1/camel-dataformat-starter-4.0.0-M1.jar:/Users/somalingeswarraokandula/.m2/repository/org/apache/camel/camel-dataformat/4.0.0-M1/camel-dataformat-4.0.0-M1.jar:/Users/somalingeswarraokandula/.m2/repository/org/apache/camel/springboot/camel-dataset-starter/4.0.0-M1/camel-dataset-starter-4.0.0-M1.jar:/Users/somalingeswarraokandula/.m2/repository/org/apache/camel/camel-dataset/4.0.0-M1/camel-dataset-4.0.0-M1.jar:/Users/somalingeswarraokandula/.m2/repository/org/apache/camel/springboot/camel-direct-starter/4.0.0-M1/camel-direct-starter-4.0.0-M1.jar:/Users/somalingeswarraokandula/.m2/repository/org/apache/camel/camel-direct/4.0.0-M1/camel-direct-4.0.0-M1.jar:/Users/somalingeswarraokandula/.m2/repository/org/apache/camel/springboot/camel-directvm-starter/4.0.0-M1/camel-directvm-starter-4.0.0-M1.jar:/Users/somalingeswarraokandula/.m2/repository/org/apache/camel/camel-directvm/4.0.0-M1/camel-directvm-4.0.0-M1.jar:/Users/somalingeswarraokandula/.m2/repository/org/apache/camel/springboot/camel-file-starter/4.0.0-M1/camel-file-starter-4.0.0-M1.jar:/Users/somalingeswarraokandula/.m2/repository/org/apache/camel/camel-file/4.0.0-M1/camel-file-4.0.0-M1.jar:/Users/somalingeswarraokandula/.m2/repository/org/apache/camel/springboot/camel-language-starter/4.0.0-M1/camel-language-starter-4.0.0-M1.jar:/Users/somalingeswarraokandula/.m2/repository/org/apache/camel/camel-language/4.0.0-M1/camel-language-4.0.0-M1.jar:/Users/somalingeswarraokandula/.m2/repository/org/apache/camel/springboot/camel-log-starter/4.0.0-M1/camel-log-starter-4.0.0-M1.jar:/Users/somalingeswarraokandula/.m2/repository/org/apache/camel/camel-log/4.0.0-M1/camel-log-4.0.0-M1.jar:/Users/somalingeswarraokandula/.m2/repository/org/apache/camel/springboot/camel-mock-starter/4.0.0-M1/camel-mock-starter-4.0.0-M1.jar:/Users/somalingeswarraokandula/.m2/repository/org/apache/camel/camel-mock/4.0.0-M1/camel-mock-4.0.0-M1.jar:/Users/somalingeswarraokandula/.m2/repository/org/apache/camel/springboot/camel-ref-starter/4.0.0-M1/camel-ref-starter-4.0.0-M1.jar:/Users/somalingeswarraokandula/.m2/repository/org/apache/camel/camel-ref/4.0.0-M1/camel-ref-4.0.0-M1.jar:/Users/somalingeswarraokandula/.m2/repository/org/apache/camel/springboot/camel-rest-starter/4.0.0-M1/camel-rest-starter-4.0.0-M1.jar:/Users/somalingeswarraokandula/.m2/repository/org/apache/camel/camel-rest/4.0.0-M1/camel-rest-4.0.0-M1.jar:/Users/somalingeswarraokandula/.m2/repository/org/apache/camel/camel-tooling-model/4.0.0-M1/camel-tooling-model-4.0.0-M1.jar:/Users/somalingeswarraokandula/.m2/repository/org/apache/camel/springboot/camel-saga-starter/4.0.0-M1/camel-saga-starter-4.0.0-M1.jar:/Users/somalingeswarraokandula/.m2/repository/org/apache/camel/camel-saga/4.0.0-M1/camel-saga-4.0.0-M1.jar:/Users/somalingeswarraokandula/.m2/repository/org/apache/camel/springboot/camel-scheduler-starter/4.0.0-M1/camel-scheduler-starter-4.0.0-M1.jar:/Users/somalingeswarraokandula/.m2/repository/org/apache/camel/camel-scheduler/4.0.0-M1/camel-scheduler-4.0.0-M1.jar:/Users/somalingeswarraokandula/.m2/repository/org/apache/camel/springboot/camel-seda-starter/4.0.0-M1/camel-seda-starter-4.0.0-M1.jar:/Users/somalingeswarraokandula/.m2/repository/org/apache/camel/camel-seda/4.0.0-M1/camel-seda-4.0.0-M1.jar:/Users/somalingeswarraokandula/.m2/repository/org/apache/camel/springboot/camel-stub-starter/4.0.0-M1/camel-stub-starter-4.0.0-M1.jar:/Users/somalingeswarraokandula/.m2/repository/org/apache/camel/camel-stub/4.0.0-M1/camel-stub-4.0.0-M1.jar:/Users/somalingeswarraokandula/.m2/repository/org/apache/camel/springboot/camel-timer-starter/4.0.0-M1/camel-timer-starter-4.0.0-M1.jar:/Users/somalingeswarraokandula/.m2/repository/org/apache/camel/camel-timer/4.0.0-M1/camel-timer-4.0.0-M1.jar:/Users/somalingeswarraokandula/.m2/repository/org/apache/camel/springboot/camel-validator-starter/4.0.0-M1/camel-validator-starter-4.0.0-M1.jar:/Users/somalingeswarraokandula/.m2/repository/org/apache/camel/camel-validator/4.0.0-M1/camel-validator-4.0.0-M1.jar:/Users/somalingeswarraokandula/.m2/repository/org/apache/camel/springboot/camel-vm-starter/4.0.0-M1/camel-vm-starter-4.0.0-M1.jar:/Users/somalingeswarraokandula/.m2/repository/org/apache/camel/camel-vm/4.0.0-M1/camel-vm-4.0.0-M1.jar:/Users/somalingeswarraokandula/.m2/repository/org/apache/camel/springboot/camel-xpath-starter/4.0.0-M1/camel-xpath-starter-4.0.0-M1.jar:/Users/somalingeswarraokandula/.m2/repository/org/apache/camel/camel-xpath/4.0.0-M1/camel-xpath-4.0.0-M1.jar:/Users/somalingeswarraokandula/.m2/repository/org/apache/camel/springboot/camel-xslt-starter/4.0.0-M1/camel-xslt-starter-4.0.0-M1.jar:/Users/somalingeswarraokandula/.m2/repository/org/apache/camel/camel-xslt/4.0.0-M1/camel-xslt-4.0.0-M1.jar:/Users/somalingeswarraokandula/.m2/repository/org/apache/camel/springboot/camel-xml-jaxp-starter/4.0.0-M1/camel-xml-jaxp-starter-4.0.0-M1.jar:/Users/somalingeswarraokandula/.m2/repository/org/apache/camel/camel-xml-jaxp/4.0.0-M1/camel-xml-jaxp-4.0.0-M1.jar:/Users/somalingeswarraokandula/.m2/repository/org/apache/camel/camel-xml-io-util/4.0.0-M1/camel-xml-io-util-4.0.0-M1.jar:/Users/somalingeswarraokandula/.m2/repository/org/projectlombok/lombok/1.18.26/lombok-1.18.26.jar:/Users/somalingeswarraokandula/.m2/repository/org/springframework/boot/spring-boot-starter-test/3.0.4/spring-boot-starter-test-3.0.4.jar:/Users/somalingeswarraokandula/.m2/repository/org/springframework/boot/spring-boot-test/3.0.4/spring-boot-test-3.0.4.jar:/Users/somalingeswarraokandula/.m2/repository/org/springframework/boot/spring-boot-test-autoconfigure/3.0.4/spring-boot-test-autoconfigure-3.0.4.jar:/Users/somalingeswarraokandula/.m2/repository/com/jayway/jsonpath/json-path/2.7.0/json-path-2.7.0.jar:/Users/somalingeswarraokandula/.m2/repository/net/minidev/json-smart/2.4.8/json-smart-2.4.8.jar:/Users/somalingeswarraokandula/.m2/repository/net/minidev/accessors-smart/2.4.8/accessors-smart-2.4.8.jar:/Users/somalingeswarraokandula/.m2/repository/org/ow2/asm/asm/9.1/asm-9.1.jar:/Users/somalingeswarraokandula/.m2/repository/org/slf4j/slf4j-api/2.0.6/slf4j-api-2.0.6.jar:/Users/somalingeswarraokandula/.m2/repository/jakarta/xml/bind/jakarta.xml.bind-api/4.0.0/jakarta.xml.bind-api-4.0.0.jar:/Users/somalingeswarraokandula/.m2/repository/jakarta/activation/jakarta.activation-api/2.1.1/jakarta.activation-api-2.1.1.jar:/Users/somalingeswarraokandula/.m2/repository/org/assertj/assertj-core/3.23.1/assertj-core-3.23.1.jar:/Users/somalingeswarraokandula/.m2/repository/net/bytebuddy/byte-buddy/1.12.23/byte-buddy-1.12.23.jar:/Users/somalingeswarraokandula/.m2/repository/org/hamcrest/hamcrest/2.2/hamcrest-2.2.jar:/Users/somalingeswarraokandula/.m2/repository/org/junit/jupiter/junit-jupiter/5.9.2/junit-jupiter-5.9.2.jar:/Users/somalingeswarraokandula/.m2/repository/org/junit/jupiter/junit-jupiter-api/5.9.2/junit-jupiter-api-5.9.2.jar:/Users/somalingeswarraokandula/.m2/repository/org/opentest4j/opentest4j/1.2.0/opentest4j-1.2.0.jar:/Users/somalingeswarraokandula/.m2/repository/org/junit/platform/junit-platform-commons/1.9.2/junit-platform-commons-1.9.2.jar:/Users/somalingeswarraokandula/.m2/repository/org/apiguardian/apiguardian-api/1.1.2/apiguardian-api-1.1.2.jar:/Users/somalingeswarraokandula/.m2/repository/org/junit/jupiter/junit-jupiter-params/5.9.2/junit-jupiter-params-5.9.2.jar:/Users/somalingeswarraokandula/.m2/repository/org/junit/jupiter/junit-jupiter-engine/5.9.2/junit-jupiter-engine-5.9.2.jar:/Users/somalingeswarraokandula/.m2/repository/org/junit/platform/junit-platform-engine/1.9.2/junit-platform-engine-1.9.2.jar:/Users/somalingeswarraokandula/.m2/repository/org/mockito/mockito-core/4.8.1/mockito-core-4.8.1.jar:/Users/somalingeswarraokandula/.m2/repository/net/bytebuddy/byte-buddy-agent/1.12.23/byte-buddy-agent-1.12.23.jar:/Users/somalingeswarraokandula/.m2/repository/org/objenesis/objenesis/3.2/objenesis-3.2.jar:/Users/somalingeswarraokandula/.m2/repository/org/mockito/mockito-junit-jupiter/4.8.1/mockito-junit-jupiter-4.8.1.jar:/Users/somalingeswarraokandula/.m2/repository/org/skyscreamer/jsonassert/1.5.1/jsonassert-1.5.1.jar:/Users/somalingeswarraokandula/.m2/repository/com/vaadin/external/google/android-json/0.0.20131108.vaadin1/android-json-0.0.20131108.vaadin1.jar:/Users/somalingeswarraokandula/.m2/repository/org/springframework/spring-core/6.0.6/spring-core-6.0.6.jar:/Users/somalingeswarraokandula/.m2/repository/org/springframework/spring-jcl/6.0.6/spring-jcl-6.0.6.jar:/Users/somalingeswarraokandula/.m2/repository/org/springframework/spring-test/6.0.6/spring-test-6.0.6.jar:/Users/somalingeswarraokandula/.m2/repository/org/xmlunit/xmlunit-core/2.9.1/xmlunit-core-2.9.1.jar:/Users/somalingeswarraokandula/.m2/repository/org/springframework/security/spring-security-test/6.0.2/spring-security-test-6.0.2.jar:/Users/somalingeswarraokandula/.m2/repository/org/springframework/security/spring-security-core/6.0.2/spring-security-core-6.0.2.jar:/Users/somalingeswarraokandula/.m2/repository/org/springframework/security/spring-security-crypto/6.0.2/spring-security-crypto-6.0.2.jar:/Users/somalingeswarraokandula/.m2/repository/org/springframework/security/spring-security-web/6.0.2/spring-security-web-6.0.2.jar:"/>
    <property name="sun.cpu.endian" value="little"/>
    <property name="user.home" value="/Users/somalingeswarraokandula"/>
    <property name="user.language" value="en"/>
    <property name="java.specification.vendor" value="Oracle Corporation"/>
    <property name="java.version.date" value="2022-01-18"/>
    <property name="java.home" value="/usr/local/Cellar/openjdk/17.0.2/libexec/openjdk.jdk/Contents/Home"/>
    <property name="file.separator" value="/"/>
    <property name="basedir" value="/Users/somalingeswarraokandula/IdeaProjects/javamaven"/>
    <property name="java.vm.compressedOopsMode" value="Zero based"/>
    <property name="line.separator" value="&#10;"/>
    <property name="java.specification.name" value="Java Platform API Specification"/>
    <property name="java.vm.specification.vendor" value="Oracle Corporation"/>
    <property name="surefire.real.class.path" value="/Users/somalingeswarraokandula/IdeaProjects/javamaven/target/surefire/surefirebooter10039951319836107388.jar"/>
    <property name="sun.management.compiler" value="HotSpot 64-Bit Tiered Compilers"/>
    <property name="ftp.nonProxyHosts" value="local|*.local|169.254/16|*.169.254/16"/>
    <property name="java.runtime.version" value="17.0.2+0"/>
    <property name="user.name" value="somalingeswarraokandula"/>
    <property name="path.separator" value=":"/>
    <property name="os.version" value="13.2.1"/>
    <property name="java.runtime.name" value="OpenJDK Runtime Environment"/>
    <property name="file.encoding" value="US-ASCII"/>
    <property name="java.vm.name" value="OpenJDK 64-Bit Server VM"/>
    <property name="java.vendor.version" value="Homebrew"/>
    <property name="localRepository" value="/Users/somalingeswarraokandula/.m2/repository"/>
    <property name="java.vendor.url.bug" value="https://github.com/Homebrew/homebrew-core/issues"/>
    <property name="java.io.tmpdir" value="/var/folders/qz/zkl1qvx510n7l58zl7ddjrch0000gn/T/"/>
    <property name="java.version" value="17.0.2"/>
    <property name="user.dir" value="/Users/somalingeswarraokandula/IdeaProjects/javamaven"/>
    <property name="os.arch" value="x86_64"/>
    <property name="java.vm.specification.name" value="Java Virtual Machine Specification"/>
    <property name="native.encoding" value="US-ASCII"/>
    <property name="java.library.path" value="/Users/somalingeswarraokandula/Library/Java/Extensions:/Library/Java/Extensions:/Network/Library/Java/Extensions:/System/Library/Java/Extensions:/usr/lib/java:."/>
    <property name="java.vm.info" value="mixed mode, sharing"/>
    <property name="java.vendor" value="Homebrew"/>
    <property name="java.vm.version" value="17.0.2+0"/>
    <property name="sun.io.unicode.encoding" value="UnicodeBig"/>
    <property name="socksNonProxyHosts" value="local|*.local|169.254/16|*.169.254/16"/>
    <property name="java.class.version" value="61.0"/>
  </properties>
  <testcase name="contextLoads" classname="com.somesh.sbmaven.SbmavenApplicationTests" time="0.433"/>
</testsuite>